<?xml version="1.0" encoding="UTF-8"?>
<!-- Generated by org.testng.reporters.JUnitXMLReporter -->
<testsuite ignored="0" hostname="DESKTOP-06LRG85" failures="0" tests="4" name="KTPM" time="12.839" errors="0" timestamp="2021-05-12T22:46:00 ICT">
  <testcase classname="com.TestShop.testDangNhap" name="testNhapDungTKMK" time="3.47"/>
  <testcase classname="com.TestShop.testDangNhap" name="testNhapSaiTaiKhoan" time="2.91"/>
  <testcase classname="com.TestShop.testDangNhap" name="testNhapSaiMatKhau" time="2.802"/>
  <testcase classname="com.TestShop.testNhapTimKiem" name="testNhapThanhTimKiem" time="3.616"/>
</testsuite> <!-- KTPM -->
